INFO:     Started server process [2376]
INFO:     Waiting for application startup.
Warning: You are sending unauthenticated requests to the HF Hub. Please set a HF_TOKEN to enable higher rate limits and faster downloads.
[*] Loading ML model...
[OK] ML model loaded
[*] Loading NLP model (first time takes 30-60 seconds)...
Loading weights:   0%|          | 0/103 [00:00<?, ?it/s]Loading weights: 100%|##########| 103/103 [00:00<00:00, 2952.00it/s]
[1mBertModel LOAD REPORT[0m from: sentence-transformers/all-MiniLM-L6-v2
Key                     | Status     |  | 
------------------------+------------+--+-
embeddings.position_ids | UNEXPECTED |  | 

[3mNotes:
- UNEXPECTED[3m	:can be ignored when loading from different task/architecture; not ok if you expect identical arch.[0m
INFO:     Application startup complete.
INFO:     Uvicorn running on http://127.0.0.1:5000 (Press CTRL+C to quit)
[OK] NLP model loaded
INFO:     127.0.0.1:60167 - "GET /docs HTTP/1.1" 200 OK
INFO:     127.0.0.1:60167 - "GET /openapi.json HTTP/1.1" 200 OK
INFO:     127.0.0.1:59604 - "POST /diagnose HTTP/1.1" 200 OK
forrtl: error (200): program aborting due to window-CLOSE event
Image              PC                Routine            Line        Source             
KERNELBASE.dll     00007FFB51BE9DED  Unknown               Unknown  Unknown
KERNEL32.DLL       00007FFB5429E8D7  Unknown               Unknown  Unknown
ntdll.dll          00007FFB550AC48C  Unknown               Unknown  Unknown
^C