
Welcome to CakePHP v5.3.2 Console
-------------------------------------------------------------------------------
App : src
Path: C:\xampp\htdocs\Rodgemson Repair Shop\UI\src\
DocumentRoot: C:\xampp\htdocs\Rodgemson Repair Shop\UI\webroot
Ini Path: 
-------------------------------------------------------------------------------
php server is running at http://localhost:8765/
You can exit with `CTRL-C`
[Tue Mar  3 22:27:20 2026] PHP 8.2.12 Development Server (http://localhost:8765) started
[Tue Mar  3 22:27:25 2026] [::1]:61106 Accepted
[Tue Mar  3 22:27:25 2026] [::1]:63208 Accepted
[Tue Mar  3 22:27:25 2026] [::1]:61106 Closing
[Tue Mar  3 22:27:25 2026] [::1]:63208 [200]: GET /css/dashboard.css
[Tue Mar  3 22:27:25 2026] [::1]:63208 Closing
[Tue Mar  3 22:27:26 2026] [::1]:65154 Accepted
[Tue Mar  3 22:27:26 2026] [::1]:65154 Closing
[Tue Mar  3 22:27:43 2026] [::1]:61180 Accepted
[Tue Mar  3 22:27:44 2026] [::1]:61180 Closing
[Tue Mar  3 22:29:47 2026] [::1]:52360 Accepted
[Tue Mar  3 22:29:48 2026] [::1]:52360 Closing
[Tue Mar  3 22:29:48 2026] [::1]:50775 Accepted
[Tue Mar  3 22:29:48 2026] [::1]:50775 [200]: GET /css/dashboard.css
[Tue Mar  3 22:29:48 2026] [::1]:51008 Accepted
[Tue Mar  3 22:29:48 2026] [::1]:51008 Closing
[Tue Mar  3 22:29:48 2026] [::1]:50775 Closing
[Tue Mar  3 22:29:48 2026] [::1]:60515 Accepted
[Tue Mar  3 22:29:48 2026] [::1]:60515 Closing
[Tue Mar  3 22:29:49 2026] [::1]:63584 Accepted
[Tue Mar  3 22:29:49 2026] [::1]:51054 Accepted
[Tue Mar  3 22:29:49 2026] [::1]:62465 Accepted
[Tue Mar  3 22:29:49 2026] [::1]:60987 Accepted
[Tue Mar  3 22:29:49 2026] [::1]:49890 Accepted
[Tue Mar  3 22:29:49 2026] [::1]:63584 Closing
[Tue Mar  3 22:29:49 2026] [::1]:51054 Closing
[Tue Mar  3 22:29:49 2026] [::1]:62465 Closing
[Tue Mar  3 22:29:49 2026] [::1]:60987 Closing
[Tue Mar  3 22:29:49 2026] [::1]:49890 Closing
[Tue Mar  3 22:29:50 2026] [::1]:55731 Accepted
[Tue Mar  3 22:29:50 2026] [::1]:55619 Accepted
[Tue Mar  3 22:29:50 2026] [::1]:60620 Accepted
[Tue Mar  3 22:29:50 2026] [::1]:50682 Accepted
[Tue Mar  3 22:29:50 2026] [::1]:55992 Accepted
[Tue Mar  3 22:29:50 2026] [::1]:55158 Accepted
[Tue Mar  3 22:29:50 2026] [::1]:55731 Closing
[Tue Mar  3 22:29:50 2026] [::1]:55619 Closing
[Tue Mar  3 22:29:50 2026] [::1]:60620 Closing
[Tue Mar  3 22:29:50 2026] [::1]:50682 Closing
[Tue Mar  3 22:29:50 2026] [::1]:55992 Closing
[Tue Mar  3 22:29:50 2026] [::1]:55158 Closing
[Tue Mar  3 22:29:50 2026] [::1]:51184 Accepted
[Tue Mar  3 22:29:50 2026] [::1]:62081 Accepted
[Tue Mar  3 22:29:50 2026] [::1]:51184 Closing
[Tue Mar  3 22:29:50 2026] [::1]:62081 Closing
[Tue Mar  3 22:29:50 2026] [::1]:53510 Accepted
[Tue Mar  3 22:29:50 2026] [::1]:54051 Accepted
[Tue Mar  3 22:29:51 2026] [::1]:53510 Closing
[Tue Mar  3 22:29:51 2026] [::1]:54051 Closing
[Tue Mar  3 22:29:51 2026] [::1]:50005 Accepted
[Tue Mar  3 22:29:51 2026] [::1]:50005 [200]: GET /favicon.ico
[Tue Mar  3 22:29:51 2026] [::1]:50005 Closing
[Tue Mar  3 22:30:06 2026] [::1]:63057 Accepted
[Tue Mar  3 22:30:07 2026] [::1]:63057 Closing
[Tue Mar  3 22:30:26 2026] [::1]:52821 Accepted
[Tue Mar  3 22:30:26 2026] [::1]:52821 Closing
[Tue Mar  3 22:30:26 2026] [::1]:59387 Accepted
[Tue Mar  3 22:30:26 2026] [::1]:59387 [200]: GET /css/dashboard.css
[Tue Mar  3 22:30:26 2026] [::1]:56015 Accepted
[Tue Mar  3 22:30:26 2026] [::1]:59387 Closing
[Tue Mar  3 22:30:26 2026] [::1]:56015 Closing
[Tue Mar  3 22:30:26 2026] [::1]:60031 Accepted
[Tue Mar  3 22:30:26 2026] [::1]:60031 Closing
[Tue Mar  3 22:30:27 2026] [::1]:65441 Accepted
[Tue Mar  3 22:30:27 2026] [::1]:65441 Closing
[Tue Mar  3 22:30:27 2026] [::1]:53166 Accepted
[Tue Mar  3 22:30:27 2026] [::1]:60948 Accepted
[Tue Mar  3 22:30:27 2026] [::1]:53166 Closing
[Tue Mar  3 22:30:27 2026] [::1]:56708 Accepted
[Tue Mar  3 22:30:27 2026] [::1]:60948 Closing
[Tue Mar  3 22:30:27 2026] [::1]:52229 Accepted
[Tue Mar  3 22:30:27 2026] [::1]:56708 Closing
[Tue Mar  3 22:30:28 2026] [::1]:52229 Closing
[Tue Mar  3 22:30:28 2026] [::1]:50792 Accepted
[Tue Mar  3 22:30:28 2026] [::1]:57603 Accepted
[Tue Mar  3 22:30:28 2026] [::1]:55758 Accepted
[Tue Mar  3 22:30:28 2026] [::1]:58673 Accepted
[Tue Mar  3 22:30:28 2026] [::1]:51728 Accepted
[Tue Mar  3 22:30:28 2026] [::1]:50792 Closing
[Tue Mar  3 22:30:28 2026] [::1]:62966 Accepted
[Tue Mar  3 22:30:28 2026] [::1]:57603 Closing
[Tue Mar  3 22:30:28 2026] [::1]:55758 Closing
[Tue Mar  3 22:30:28 2026] [::1]:58673 Closing
[Tue Mar  3 22:30:28 2026] [::1]:51728 Closing
[Tue Mar  3 22:30:28 2026] [::1]:62119 Accepted
[Tue Mar  3 22:30:29 2026] [::1]:62966 Closing
[Tue Mar  3 22:30:29 2026] [::1]:54532 Accepted
[Tue Mar  3 22:30:29 2026] [::1]:62119 Closing
[Tue Mar  3 22:30:29 2026] [::1]:54532 Closing
[Tue Mar  3 22:30:29 2026] [::1]:63724 Accepted
[Tue Mar  3 22:30:29 2026] [::1]:56470 Accepted
[Tue Mar  3 22:30:29 2026] [::1]:63724 Closing
[Tue Mar  3 22:30:29 2026] [::1]:56470 Closing
[Tue Mar  3 22:30:29 2026] [::1]:57533 Accepted
[Tue Mar  3 22:30:29 2026] [::1]:57533 [200]: GET /favicon.ico
[Tue Mar  3 22:30:29 2026] [::1]:57533 Closing
[Tue Mar  3 22:30:58 2026] [::1]:53785 Accepted
[Tue Mar  3 22:30:59 2026] [::1]:53785 Closing
[Tue Mar  3 22:32:59 2026] [::1]:60523 Accepted
[Tue Mar  3 22:32:59 2026] [::1]:60523 Closing
[Tue Mar  3 22:32:59 2026] [::1]:53169 Accepted
[Tue Mar  3 22:32:59 2026] [::1]:53169 [200]: GET /css/dashboard.css
[Tue Mar  3 22:32:59 2026] [::1]:63314 Accepted
[Tue Mar  3 22:32:59 2026] [::1]:63314 Closing
[Tue Mar  3 22:32:59 2026] [::1]:53169 Closing
[Tue Mar  3 22:32:59 2026] [::1]:63587 Accepted
[Tue Mar  3 22:33:00 2026] [::1]:63587 Closing
[Tue Mar  3 22:33:00 2026] [::1]:63487 Accepted
[Tue Mar  3 22:33:00 2026] [::1]:52534 Accepted
[Tue Mar  3 22:33:00 2026] [::1]:53429 Accepted
[Tue Mar  3 22:33:00 2026] [::1]:62208 Accepted
[Tue Mar  3 22:33:00 2026] [::1]:55493 Accepted
[Tue Mar  3 22:33:00 2026] [::1]:63487 Closing
[Tue Mar  3 22:33:00 2026] [::1]:52534 Closing
[Tue Mar  3 22:33:00 2026] [::1]:53429 Closing
[Tue Mar  3 22:33:00 2026] [::1]:62208 Closing
[Tue Mar  3 22:33:00 2026] [::1]:55493 Closing
[Tue Mar  3 22:33:00 2026] [::1]:60941 Accepted
[Tue Mar  3 22:33:00 2026] [::1]:51489 Accepted
[Tue Mar  3 22:33:00 2026] [::1]:60915 Accepted
[Tue Mar  3 22:33:00 2026] [::1]:64922 Accepted
[Tue Mar  3 22:33:00 2026] [::1]:64109 Accepted
[Tue Mar  3 22:33:00 2026] [::1]:53358 Accepted
[Tue Mar  3 22:33:00 2026] [::1]:60941 Closing
[Tue Mar  3 22:33:01 2026] [::1]:51489 Closing
[Tue Mar  3 22:33:01 2026] [::1]:60915 Closing
[Tue Mar  3 22:33:01 2026] [::1]:64922 Closing
[Tue Mar  3 22:33:01 2026] [::1]:64109 Closing
[Tue Mar  3 22:33:01 2026] [::1]:53358 Closing
[Tue Mar  3 22:33:01 2026] [::1]:61886 Accepted
[Tue Mar  3 22:33:01 2026] [::1]:55299 Accepted
[Tue Mar  3 22:33:01 2026] [::1]:61886 Closing
[Tue Mar  3 22:33:01 2026] [::1]:62027 Accepted
[Tue Mar  3 22:33:01 2026] [::1]:55299 Closing
[Tue Mar  3 22:33:01 2026] [::1]:56142 Accepted
[Tue Mar  3 22:33:01 2026] [::1]:62027 Closing
[Tue Mar  3 22:33:01 2026] [::1]:56142 Closing
[Tue Mar  3 22:33:02 2026] [::1]:49904 Accepted
[Tue Mar  3 22:33:02 2026] [::1]:49904 [200]: GET /favicon.ico
[Tue Mar  3 22:33:02 2026] [::1]:49904 Closing
[Tue Mar  3 22:33:18 2026] [::1]:56175 Accepted
[Tue Mar  3 22:33:18 2026] [::1]:56175 Closing
[Tue Mar  3 22:35:19 2026] [::1]:52477 Accepted
[Tue Mar  3 22:35:19 2026] [::1]:52477 Closing
[Tue Mar  3 22:35:19 2026] [::1]:64109 Accepted
[Tue Mar  3 22:35:19 2026] [::1]:64109 [200]: GET /css/dashboard.css
[Tue Mar  3 22:35:19 2026] [::1]:65135 Accepted
[Tue Mar  3 22:35:19 2026] [::1]:65135 Closing
[Tue Mar  3 22:35:19 2026] [::1]:64109 Closing
[Tue Mar  3 22:35:20 2026] [::1]:64324 Accepted
[Tue Mar  3 22:35:20 2026] [::1]:64324 Closing
[Tue Mar  3 22:35:21 2026] [::1]:53947 Accepted
[Tue Mar  3 22:35:21 2026] [::1]:53947 Closing
[Tue Mar  3 22:35:21 2026] [::1]:50760 Accepted
[Tue Mar  3 22:35:21 2026] [::1]:63418 Accepted
[Tue Mar  3 22:35:21 2026] [::1]:50760 Closing
[Tue Mar  3 22:35:21 2026] [::1]:50981 Accepted
[Tue Mar  3 22:35:21 2026] [::1]:63418 Closing
[Tue Mar  3 22:35:21 2026] [::1]:50403 Accepted
[Tue Mar  3 22:35:21 2026] [::1]:50981 Closing
[Tue Mar  3 22:35:21 2026] [::1]:50403 Closing
[Tue Mar  3 22:35:22 2026] [::1]:63101 Accepted
[Tue Mar  3 22:35:22 2026] [::1]:63623 Accepted
[Tue Mar  3 22:35:22 2026] [::1]:61530 Accepted
[Tue Mar  3 22:35:22 2026] [::1]:50592 Accepted
[Tue Mar  3 22:35:22 2026] [::1]:51258 Accepted
[Tue Mar  3 22:35:22 2026] [::1]:57635 Accepted
[Tue Mar  3 22:35:22 2026] [::1]:57635 Closing
[Tue Mar  3 22:35:23 2026] [::1]:63101 Closing
[Tue Mar  3 22:35:23 2026] [::1]:63623 Closing
[Tue Mar  3 22:35:23 2026] [::1]:61530 Closing
[Tue Mar  3 22:35:23 2026] [::1]:50592 Closing
[Tue Mar  3 22:35:23 2026] [::1]:51258 Closing
[Tue Mar  3 22:35:23 2026] [::1]:54514 Accepted
[Tue Mar  3 22:35:23 2026] [::1]:63285 Accepted
[Tue Mar  3 22:35:23 2026] [::1]:54514 Closing
[Tue Mar  3 22:35:23 2026] [::1]:57336 Accepted
[Tue Mar  3 22:35:23 2026] [::1]:63285 Closing
[Tue Mar  3 22:35:23 2026] [::1]:59104 Accepted
[Tue Mar  3 22:35:23 2026] [::1]:57336 Closing
[Tue Mar  3 22:35:23 2026] [::1]:59104 Closing
[Tue Mar  3 22:35:23 2026] [::1]:52745 Accepted
[Tue Mar  3 22:35:23 2026] [::1]:52745 [200]: GET /favicon.ico
[Tue Mar  3 22:35:23 2026] [::1]:52745 Closing
[Tue Mar  3 22:35:35 2026] [::1]:58668 Accepted
[Tue Mar  3 22:35:35 2026] [::1]:58668 Closing
[Tue Mar  3 22:35:43 2026] [::1]:53867 Accepted
[Tue Mar  3 22:35:44 2026] [::1]:53867 Closing
[Tue Mar  3 22:35:44 2026] [::1]:49955 Accepted
[Tue Mar  3 22:35:44 2026] [::1]:49955 [200]: GET /css/dashboard.css
[Tue Mar  3 22:35:44 2026] [::1]:60541 Accepted
[Tue Mar  3 22:35:44 2026] [::1]:60541 Closing
[Tue Mar  3 22:35:44 2026] [::1]:49955 Closing
[Tue Mar  3 22:35:44 2026] [::1]:57015 Accepted
[Tue Mar  3 22:35:44 2026] [::1]:57015 Closing
[Tue Mar  3 22:35:45 2026] [::1]:57691 Accepted
[Tue Mar  3 22:35:45 2026] [::1]:58266 Accepted
[Tue Mar  3 22:35:45 2026] [::1]:57692 Accepted
[Tue Mar  3 22:35:45 2026] [::1]:65454 Accepted
[Tue Mar  3 22:35:45 2026] [::1]:60348 Accepted
[Tue Mar  3 22:35:45 2026] [::1]:57691 Closing
[Tue Mar  3 22:35:45 2026] [::1]:58266 Closing
[Tue Mar  3 22:35:45 2026] [::1]:57692 Closing
[Tue Mar  3 22:35:45 2026] [::1]:65454 Closing
[Tue Mar  3 22:35:46 2026] [::1]:60348 Closing
[Tue Mar  3 22:35:47 2026] [::1]:62769 Accepted
[Tue Mar  3 22:35:47 2026] [::1]:65505 Accepted
[Tue Mar  3 22:35:47 2026] [::1]:56459 Accepted
[Tue Mar  3 22:35:47 2026] [::1]:65020 Accepted
[Tue Mar  3 22:35:47 2026] [::1]:58203 Accepted
[Tue Mar  3 22:35:47 2026] [::1]:49189 Accepted
[Tue Mar  3 22:35:47 2026] [::1]:49189 Closing
[Tue Mar  3 22:35:47 2026] [::1]:62769 Closing
[Tue Mar  3 22:35:47 2026] [::1]:65505 Closing
[Tue Mar  3 22:35:47 2026] [::1]:56459 Closing
[Tue Mar  3 22:35:47 2026] [::1]:65020 Closing
[Tue Mar  3 22:35:47 2026] [::1]:58203 Closing
[Tue Mar  3 22:35:47 2026] [::1]:62247 Accepted
[Tue Mar  3 22:35:47 2026] [::1]:51493 Accepted
[Tue Mar  3 22:35:47 2026] [::1]:62247 Closing
[Tue Mar  3 22:35:47 2026] [::1]:54319 Accepted
[Tue Mar  3 22:35:48 2026] [::1]:51493 Closing
[Tue Mar  3 22:35:48 2026] [::1]:54733 Accepted
[Tue Mar  3 22:35:48 2026] [::1]:54319 Closing
[Tue Mar  3 22:35:48 2026] [::1]:54733 Closing
[Tue Mar  3 22:35:48 2026] [::1]:56925 Accepted
[Tue Mar  3 22:35:48 2026] [::1]:56925 [200]: GET /favicon.ico
[Tue Mar  3 22:35:48 2026] [::1]:56925 Closing
[Tue Mar  3 22:36:01 2026] [::1]:49663 Accepted
[Tue Mar  3 22:36:01 2026] [::1]:49663 Closing
[Tue Mar  3 22:37:05 2026] [::1]:63206 Accepted
[Tue Mar  3 22:37:06 2026] [::1]:63206 Closing
[Tue Mar  3 22:37:06 2026] [::1]:61812 Accepted
[Tue Mar  3 22:37:06 2026] [::1]:61812 [200]: GET /css/dashboard.css
[Tue Mar  3 22:37:06 2026] [::1]:55791 Accepted
[Tue Mar  3 22:37:06 2026] [::1]:55791 Closing
[Tue Mar  3 22:37:06 2026] [::1]:61812 Closing
[Tue Mar  3 22:37:06 2026] [::1]:59196 Accepted
[Tue Mar  3 22:37:06 2026] [::1]:59196 Closing
[Tue Mar  3 22:37:07 2026] [::1]:49248 Accepted
[Tue Mar  3 22:37:07 2026] [::1]:49248 Closing
[Tue Mar  3 22:37:07 2026] [::1]:57736 Accepted
[Tue Mar  3 22:37:07 2026] [::1]:62623 Accepted
[Tue Mar  3 22:37:07 2026] [::1]:57736 Closing
[Tue Mar  3 22:37:07 2026] [::1]:51718 Accepted
[Tue Mar  3 22:37:07 2026] [::1]:62623 Closing
[Tue Mar  3 22:37:07 2026] [::1]:61229 Accepted
[Tue Mar  3 22:37:07 2026] [::1]:51718 Closing
[Tue Mar  3 22:37:07 2026] [::1]:61229 Closing
[Tue Mar  3 22:37:08 2026] [::1]:55610 Accepted
[Tue Mar  3 22:37:08 2026] [::1]:57295 Accepted
[Tue Mar  3 22:37:08 2026] [::1]:58712 Accepted
[Tue Mar  3 22:37:08 2026] [::1]:52047 Accepted
[Tue Mar  3 22:37:08 2026] [::1]:61103 Accepted
[Tue Mar  3 22:37:08 2026] [::1]:55610 Closing
[Tue Mar  3 22:37:08 2026] [::1]:57376 Accepted
[Tue Mar  3 22:37:08 2026] [::1]:57295 Closing
[Tue Mar  3 22:37:08 2026] [::1]:58712 Closing
[Tue Mar  3 22:37:08 2026] [::1]:52047 Closing
[Tue Mar  3 22:37:08 2026] [::1]:61103 Closing
[Tue Mar  3 22:37:08 2026] [::1]:56733 Accepted
[Tue Mar  3 22:37:08 2026] [::1]:57376 Closing
[Tue Mar  3 22:37:08 2026] [::1]:64087 Accepted
[Tue Mar  3 22:37:08 2026] [::1]:56733 Closing
[Tue Mar  3 22:37:09 2026] [::1]:64087 Closing
[Tue Mar  3 22:37:09 2026] [::1]:65282 Accepted
[Tue Mar  3 22:37:09 2026] [::1]:61133 Accepted
[Tue Mar  3 22:37:09 2026] [::1]:65282 Closing
[Tue Mar  3 22:37:09 2026] [::1]:61133 Closing
[Tue Mar  3 22:37:09 2026] [::1]:52811 Accepted
[Tue Mar  3 22:37:09 2026] [::1]:52811 [200]: GET /favicon.ico
[Tue Mar  3 22:37:09 2026] [::1]:52811 Closing
[Tue Mar  3 22:37:26 2026] [::1]:50770 Accepted
[Tue Mar  3 22:37:27 2026] [::1]:50770 Closing
[Tue Mar  3 22:42:32 2026] [::1]:56546 Accepted
[Tue Mar  3 22:42:33 2026] [::1]:56546 Closing
[Tue Mar  3 22:42:33 2026] [::1]:52902 Accepted
[Tue Mar  3 22:42:33 2026] [::1]:52902 [200]: GET /css/dashboard.css
[Tue Mar  3 22:42:33 2026] [::1]:60911 Accepted
[Tue Mar  3 22:42:33 2026] [::1]:60911 Closing
[Tue Mar  3 22:42:33 2026] [::1]:52902 Closing
[Tue Mar  3 22:42:33 2026] [::1]:60063 Accepted
[Tue Mar  3 22:42:33 2026] [::1]:60063 Closing
[Tue Mar  3 22:42:34 2026] [::1]:51286 Accepted
[Tue Mar  3 22:42:34 2026] [::1]:51286 Closing
[Tue Mar  3 22:42:34 2026] [::1]:58310 Accepted
[Tue Mar  3 22:42:34 2026] [::1]:50621 Accepted
[Tue Mar  3 22:42:34 2026] [::1]:58310 Closing
[Tue Mar  3 22:42:34 2026] [::1]:64194 Accepted
[Tue Mar  3 22:42:34 2026] [::1]:50621 Closing
[Tue Mar  3 22:42:34 2026] [::1]:51357 Accepted
[Tue Mar  3 22:42:34 2026] [::1]:64194 Closing
[Tue Mar  3 22:42:34 2026] [::1]:51357 Closing
[Tue Mar  3 22:42:35 2026] [::1]:56018 Accepted
[Tue Mar  3 22:42:35 2026] [::1]:65526 Accepted
[Tue Mar  3 22:42:35 2026] [::1]:57736 Accepted
[Tue Mar  3 22:42:35 2026] [::1]:51117 Accepted
[Tue Mar  3 22:42:35 2026] [::1]:55885 Accepted
[Tue Mar  3 22:42:35 2026] [::1]:54569 Accepted
[Tue Mar  3 22:42:35 2026] [::1]:56018 Closing
[Tue Mar  3 22:42:35 2026] [::1]:65526 Closing
[Tue Mar  3 22:42:35 2026] [::1]:57736 Closing
[Tue Mar  3 22:42:35 2026] [::1]:51117 Closing
[Tue Mar  3 22:42:35 2026] [::1]:55885 Closing
[Tue Mar  3 22:42:35 2026] [::1]:54569 Closing
[Tue Mar  3 22:42:35 2026] [::1]:55332 Accepted
[Tue Mar  3 22:42:35 2026] [::1]:62512 Accepted
[Tue Mar  3 22:42:35 2026] [::1]:55332 Closing
[Tue Mar  3 22:42:36 2026] [::1]:62512 Closing
[Tue Mar  3 22:42:36 2026] [::1]:52198 Accepted
[Tue Mar  3 22:42:36 2026] [::1]:57104 Accepted
[Tue Mar  3 22:42:36 2026] [::1]:52198 Closing
[Tue Mar  3 22:42:36 2026] [::1]:57104 Closing
[Tue Mar  3 22:42:36 2026] [::1]:50331 Accepted
[Tue Mar  3 22:42:36 2026] [::1]:50331 [200]: GET /favicon.ico
[Tue Mar  3 22:42:36 2026] [::1]:50331 Closing
[Tue Mar  3 22:42:57 2026] [::1]:54931 Accepted
[Tue Mar  3 22:42:57 2026] [::1]:54931 Closing
[Tue Mar  3 22:43:07 2026] [::1]:54987 Accepted
[Tue Mar  3 22:43:07 2026] Device add data: {"customer_name":"John Paul Guillermo","contact_no":"09811836521","brand":"Apple","model":"7s","issue_description":"Software\/OS Issue","status":"Pending","priority_level":"Medium"}
[Tue Mar  3 22:43:07 2026] Device entity: {"customer_id":3,"brand":"Apple","model":"7s","issue_description":"Software\/OS Issue","status":"Pending","priority_level":"Medium"}
[Tue Mar  3 22:43:07 2026] [::1]:54987 Closing
[Tue Mar  3 22:43:09 2026] [::1]:58538 Accepted
[Tue Mar  3 22:43:09 2026] [::1]:51350 Accepted
[Tue Mar  3 22:43:09 2026] [::1]:58538 Closing
[Tue Mar  3 22:43:09 2026] [::1]:51350 [200]: GET /css/dashboard.css
[Tue Mar  3 22:43:09 2026] [::1]:51350 Closing
[Tue Mar  3 22:43:09 2026] [::1]:57681 Accepted
[Tue Mar  3 22:43:09 2026] [::1]:57681 Closing
[Tue Mar  3 22:43:12 2026] [::1]:59984 Accepted
[Tue Mar  3 22:43:12 2026] [::1]:59984 [200]: GET /favicon.ico
[Tue Mar  3 22:43:12 2026] [::1]:59984 Closing
[Tue Mar  3 22:43:54 2026] [::1]:53690 Accepted
[Tue Mar  3 22:43:54 2026] [::1]:62862 Accepted
[Tue Mar  3 22:43:54 2026] [::1]:53690 Closing
[Tue Mar  3 22:43:54 2026] [::1]:62862 [200]: GET /css/dashboard.css
[Tue Mar  3 22:43:54 2026] [::1]:62862 Closing
[Tue Mar  3 22:43:54 2026] [::1]:53289 Accepted
[Tue Mar  3 22:43:55 2026] [::1]:53289 Closing
[Tue Mar  3 22:44:04 2026] [::1]:55765 Accepted
[Tue Mar  3 22:44:04 2026] [::1]:52992 Accepted
[Tue Mar  3 22:44:04 2026] [::1]:55765 Closing
[Tue Mar  3 22:44:04 2026] [::1]:52992 [200]: GET /css/dashboard.css
[Tue Mar  3 22:44:04 2026] [::1]:52992 Closing
[Tue Mar  3 22:44:04 2026] [::1]:58704 Accepted
[Tue Mar  3 22:44:04 2026] [::1]:58704 Closing
[Tue Mar  3 22:44:07 2026] [::1]:62450 Accepted
[Tue Mar  3 22:44:07 2026] [::1]:49385 Accepted
[Tue Mar  3 22:44:07 2026] [::1]:62450 Closing
[Tue Mar  3 22:44:07 2026] [::1]:49385 [200]: GET /css/dashboard.css
[Tue Mar  3 22:44:07 2026] [::1]:49385 Closing
[Tue Mar  3 22:44:07 2026] [::1]:60128 Accepted
[Tue Mar  3 22:44:08 2026] [::1]:60128 Closing
[Tue Mar  3 22:46:45 2026] [::1]:51547 Accepted
[Tue Mar  3 22:46:45 2026] [::1]:63559 Accepted
[Tue Mar  3 22:46:46 2026] [::1]:51547 Closing
[Tue Mar  3 22:46:46 2026] [::1]:63559 [200]: GET /css/dashboard.css
[Tue Mar  3 22:46:46 2026] [::1]:52488 Accepted
[Tue Mar  3 22:46:46 2026] [::1]:52488 Closing
[Tue Mar  3 22:46:46 2026] [::1]:63559 Closing
[Tue Mar  3 22:46:46 2026] [::1]:57599 Accepted
[Tue Mar  3 22:46:46 2026] [::1]:57599 Closing
[Tue Mar  3 22:46:47 2026] [::1]:51453 Accepted
[Tue Mar  3 22:46:47 2026] [::1]:63699 Accepted
[Tue Mar  3 22:46:47 2026] [::1]:56689 Accepted
[Tue Mar  3 22:46:47 2026] [::1]:50682 Accepted
[Tue Mar  3 22:46:47 2026] [::1]:54894 Accepted
[Tue Mar  3 22:46:47 2026] [::1]:51453 Closing
[Tue Mar  3 22:46:47 2026] [::1]:63699 Closing
[Tue Mar  3 22:46:48 2026] [::1]:56689 Closing
[Tue Mar  3 22:46:48 2026] [::1]:50682 Closing
[Tue Mar  3 22:46:48 2026] [::1]:54894 Closing
[Tue Mar  3 22:46:48 2026] [::1]:52838 Accepted
[Tue Mar  3 22:46:48 2026] [::1]:53057 Accepted
[Tue Mar  3 22:46:48 2026] [::1]:52838 Closing
[Tue Mar  3 22:46:48 2026] [::1]:64330 Accepted
[Tue Mar  3 22:46:48 2026] [::1]:53057 Closing
[Tue Mar  3 22:46:48 2026] [::1]:52899 Accepted
[Tue Mar  3 22:46:48 2026] [::1]:64330 Closing
[Tue Mar  3 22:46:48 2026] [::1]:54546 Accepted
[Tue Mar  3 22:46:48 2026] [::1]:52899 Closing
[Tue Mar  3 22:46:48 2026] [::1]:60685 Accepted
[Tue Mar  3 22:46:48 2026] [::1]:54546 Closing
[Tue Mar  3 22:46:48 2026] [::1]:65090 Accepted
[Tue Mar  3 22:46:48 2026] [::1]:60685 Closing
[Tue Mar  3 22:46:48 2026] [::1]:50259 Accepted
[Tue Mar  3 22:46:49 2026] [::1]:65090 Closing
[Tue Mar  3 22:46:49 2026] [::1]:50259 Closing
[Tue Mar  3 22:46:49 2026] [::1]:51697 Accepted
[Tue Mar  3 22:46:49 2026] [::1]:57568 Accepted
[Tue Mar  3 22:46:49 2026] [::1]:51697 Closing
[Tue Mar  3 22:46:49 2026] [::1]:57568 Closing
[Tue Mar  3 22:46:49 2026] [::1]:64375 Accepted
[Tue Mar  3 22:46:49 2026] [::1]:64375 [200]: GET /favicon.ico
[Tue Mar  3 22:46:49 2026] [::1]:64375 Closing
[Tue Mar  3 22:47:40 2026] [::1]:54466 Accepted
[Tue Mar  3 22:47:40 2026] [::1]:54466 Closing
[Tue Mar  3 22:48:55 2026] [::1]:63923 Accepted
[Tue Mar  3 22:48:55 2026] Device add data: {"customer_name":"John Paul Guillermo","contact_no":"09811836521","brand":"Apple","model":"7s","issue_description":"Speaker Issue","diagnostic":"Speaker Issue","suggested_part_replacement":"Speaker Module, Audio IC, Connector Flex","status":"Pending","priority_level":"Medium"}
[Tue Mar  3 22:48:55 2026] Device entity: {"customer_id":4,"brand":"Apple","model":"7s","issue_description":"Speaker Issue","status":"Pending","priority_level":"Medium"}
[Tue Mar  3 22:48:55 2026] [::1]:63923 Closing
[Tue Mar  3 22:48:56 2026] [::1]:61660 Accepted
[Tue Mar  3 22:48:56 2026] [::1]:60867 Accepted
[Tue Mar  3 22:48:57 2026] [::1]:61660 Closing
[Tue Mar  3 22:48:57 2026] [::1]:60867 [200]: GET /css/dashboard.css
[Tue Mar  3 22:48:57 2026] [::1]:60867 Closing
[Tue Mar  3 22:48:57 2026] [::1]:60669 Accepted
[Tue Mar  3 22:48:57 2026] [::1]:60669 Closing
[Tue Mar  3 22:49:01 2026] [::1]:63077 Accepted
[Tue Mar  3 22:49:01 2026] [::1]:63077 [200]: GET /favicon.ico
[Tue Mar  3 22:49:01 2026] [::1]:63077 Closing
[Tue Mar  3 22:49:53 2026] [::1]:58375 Accepted
[Tue Mar  3 22:49:54 2026] [::1]:58375 Closing
[Tue Mar  3 23:12:16 2026] [::1]:58201 Accepted
[Tue Mar  3 23:12:16 2026] [::1]:58201 Closing
[Tue Mar  3 23:12:16 2026] [::1]:55871 Accepted
[Tue Mar  3 23:12:16 2026] [::1]:55871 [200]: GET /css/dashboard.css
[Tue Mar  3 23:12:16 2026] [::1]:61198 Accepted
[Tue Mar  3 23:12:16 2026] [::1]:61198 Closing
[Tue Mar  3 23:12:16 2026] [::1]:55871 Closing
[Tue Mar  3 23:12:16 2026] [::1]:58574 Accepted
[Tue Mar  3 23:12:17 2026] [::1]:58574 Closing
[Tue Mar  3 23:12:17 2026] [::1]:62020 Accepted
[Tue Mar  3 23:12:17 2026] [::1]:63719 Accepted
[Tue Mar  3 23:12:17 2026] [::1]:63720 Accepted
[Tue Mar  3 23:12:17 2026] [::1]:50996 Accepted
[Tue Mar  3 23:12:17 2026] [::1]:57490 Accepted
[Tue Mar  3 23:12:17 2026] [::1]:62020 Closing
[Tue Mar  3 23:12:18 2026] [::1]:63719 Closing
[Tue Mar  3 23:12:18 2026] [::1]:63720 Closing
[Tue Mar  3 23:12:18 2026] [::1]:50996 Closing
[Tue Mar  3 23:12:18 2026] [::1]:57490 Closing
[Tue Mar  3 23:12:18 2026] [::1]:55004 Accepted
[Tue Mar  3 23:12:18 2026] [::1]:55004 Closing
[Tue Mar  3 23:12:18 2026] [::1]:56980 Accepted
[Tue Mar  3 23:12:18 2026] [::1]:65036 Accepted
[Tue Mar  3 23:12:18 2026] [::1]:56980 Closing
[Tue Mar  3 23:12:18 2026] [::1]:54939 Accepted
[Tue Mar  3 23:12:18 2026] [::1]:65036 Closing
[Tue Mar  3 23:12:18 2026] [::1]:63389 Accepted
[Tue Mar  3 23:12:19 2026] [::1]:54939 Closing
[Tue Mar  3 23:12:19 2026] [::1]:61962 Accepted
[Tue Mar  3 23:12:19 2026] [::1]:63389 Closing
[Tue Mar  3 23:12:19 2026] [::1]:58724 Accepted
[Tue Mar  3 23:12:19 2026] [::1]:61962 Closing
[Tue Mar  3 23:12:19 2026] [::1]:53388 Accepted
[Tue Mar  3 23:12:19 2026] [::1]:58724 Closing
[Tue Mar  3 23:12:19 2026] [::1]:53388 Closing
[Tue Mar  3 23:12:19 2026] [::1]:57779 Accepted
[Tue Mar  3 23:12:19 2026] [::1]:65271 Accepted
[Tue Mar  3 23:12:19 2026] [::1]:57779 Closing
[Tue Mar  3 23:12:19 2026] [::1]:65271 Closing
[Tue Mar  3 23:12:20 2026] [::1]:54287 Accepted
[Tue Mar  3 23:12:20 2026] [::1]:54287 [200]: GET /favicon.ico
[Tue Mar  3 23:12:20 2026] [::1]:54287 Closing
[Tue Mar  3 23:12:34 2026] [::1]:65168 Accepted
[Tue Mar  3 23:12:35 2026] [::1]:65168 Closing
[Tue Mar  3 23:12:59 2026] [::1]:49391 Accepted
[Tue Mar  3 23:12:59 2026] Device add data: {"customer_name":"John Paul Guillermo","contact_no":"09811836521","brand":"Apple","model":"7s","issue_description":"Charging Port Issue","diagnostic":"Charging Port Issue","suggested_part_replacement":"Charging Port, USB Connector, Flex Cable","status":"Pending","priority_level":"Medium"}
[Tue Mar  3 23:12:59 2026] Device entity: {"customer_id":5,"brand":"Apple","model":"7s","issue_description":"Charging Port Issue","status":"Pending","priority_level":"Medium"}
[Tue Mar  3 23:12:59 2026] [::1]:49391 Closing
[Tue Mar  3 23:13:00 2026] [::1]:58778 Accepted
[Tue Mar  3 23:13:00 2026] [::1]:58778 Closing
[Tue Mar  3 23:13:00 2026] [::1]:60972 Accepted
[Tue Mar  3 23:13:00 2026] [::1]:60972 [200]: GET /css/dashboard.css
[Tue Mar  3 23:13:00 2026] [::1]:60972 Closing
[Tue Mar  3 23:13:00 2026] [::1]:55633 Accepted
[Tue Mar  3 23:13:01 2026] [::1]:55633 Closing
[Tue Mar  3 23:13:02 2026] [::1]:50987 Accepted
[Tue Mar  3 23:13:02 2026] [::1]:50987 [200]: GET /favicon.ico
[Tue Mar  3 23:13:02 2026] [::1]:50987 Closing
[Tue Mar  3 23:13:38 2026] [::1]:53750 Accepted
[Tue Mar  3 23:13:38 2026] Updating device 5: {"id":5,"status":"In Progress","date_released":null}
[Tue Mar  3 23:13:38 2026] [::1]:53750 Closing
[Tue Mar  3 23:13:40 2026] [::1]:50813 Accepted
[Tue Mar  3 23:13:40 2026] [::1]:50813 Closing
[Tue Mar  3 23:13:40 2026] [::1]:55683 Accepted
[Tue Mar  3 23:13:40 2026] [::1]:55683 [200]: GET /css/dashboard.css
[Tue Mar  3 23:13:40 2026] [::1]:55683 Closing
[Tue Mar  3 23:13:40 2026] [::1]:52519 Accepted
[Tue Mar  3 23:13:40 2026] [::1]:52519 Closing
[Tue Mar  3 23:13:43 2026] [::1]:57223 Accepted
[Tue Mar  3 23:13:43 2026] [::1]:57223 [200]: GET /favicon.ico
[Tue Mar  3 23:13:43 2026] [::1]:57223 Closing
[Tue Mar  3 23:15:43 2026] [::1]:53603 Accepted
[Tue Mar  3 23:15:43 2026] [::1]:53603 Closing
[Tue Mar  3 23:15:43 2026] [::1]:50797 Accepted
[Tue Mar  3 23:15:43 2026] [::1]:50797 [200]: GET /css/dashboard.css
[Tue Mar  3 23:15:43 2026] [::1]:50797 Closing
[Tue Mar  3 23:15:43 2026] [::1]:62029 Accepted
[Tue Mar  3 23:15:43 2026] [::1]:62029 Closing
[Tue Mar  3 23:15:43 2026] [::1]:62678 Accepted
[Tue Mar  3 23:15:44 2026] [::1]:62678 Closing
[Tue Mar  3 23:15:44 2026] [::1]:51007 Accepted
[Tue Mar  3 23:15:44 2026] [::1]:61120 Accepted
[Tue Mar  3 23:15:44 2026] [::1]:57781 Accepted
[Tue Mar  3 23:15:44 2026] [::1]:53689 Accepted
[Tue Mar  3 23:15:44 2026] [::1]:50259 Accepted
[Tue Mar  3 23:15:44 2026] [::1]:51007 Closing
[Tue Mar  3 23:15:44 2026] [::1]:61120 Closing
[Tue Mar  3 23:15:45 2026] [::1]:57781 Closing
[Tue Mar  3 23:15:45 2026] [::1]:53689 Closing
[Tue Mar  3 23:15:45 2026] [::1]:50259 Closing
[Tue Mar  3 23:15:45 2026] [::1]:59458 Accepted
[Tue Mar  3 23:15:45 2026] [::1]:59458 Closing
[Tue Mar  3 23:15:45 2026] [::1]:62505 Accepted
[Tue Mar  3 23:15:45 2026] [::1]:63154 Accepted
[Tue Mar  3 23:15:45 2026] [::1]:62505 Closing
[Tue Mar  3 23:15:45 2026] [::1]:58780 Accepted
[Tue Mar  3 23:15:46 2026] [::1]:63154 Closing
[Tue Mar  3 23:15:46 2026] [::1]:61944 Accepted
[Tue Mar  3 23:15:46 2026] [::1]:58780 Closing
[Tue Mar  3 23:15:46 2026] [::1]:52386 Accepted
[Tue Mar  3 23:15:46 2026] [::1]:61944 Closing
[Tue Mar  3 23:15:46 2026] [::1]:64030 Accepted
[Tue Mar  3 23:15:46 2026] [::1]:52386 Closing
[Tue Mar  3 23:15:46 2026] [::1]:53249 Accepted
[Tue Mar  3 23:15:46 2026] [::1]:64030 Closing
[Tue Mar  3 23:15:46 2026] [::1]:53249 Closing
[Tue Mar  3 23:15:46 2026] [::1]:57625 Accepted
[Tue Mar  3 23:15:46 2026] [::1]:62078 Accepted
[Tue Mar  3 23:15:46 2026] [::1]:57625 Closing
[Tue Mar  3 23:15:46 2026] [::1]:62078 Closing
[Tue Mar  3 23:15:47 2026] [::1]:58441 Accepted
[Tue Mar  3 23:15:47 2026] [::1]:58441 [200]: GET /favicon.ico
[Tue Mar  3 23:15:47 2026] [::1]:58441 Closing
[Tue Mar  3 23:15:54 2026] [::1]:64798 Accepted
[Tue Mar  3 23:15:54 2026] Updating device 5: {"id":5,"technician":"Rod","status":"Pending","date_released":null,"notes":"Charging Port Issue"}
[Tue Mar  3 23:15:54 2026] [::1]:64798 Closing
[Tue Mar  3 23:15:56 2026] [::1]:49878 Accepted
[Tue Mar  3 23:15:56 2026] [::1]:49878 Closing
[Tue Mar  3 23:15:56 2026] [::1]:53534 Accepted
[Tue Mar  3 23:15:56 2026] [::1]:53534 [200]: GET /css/dashboard.css
[Tue Mar  3 23:15:56 2026] [::1]:53534 Closing
[Tue Mar  3 23:15:56 2026] [::1]:49982 Accepted
[Tue Mar  3 23:15:56 2026] [::1]:49982 Closing
[Tue Mar  3 23:15:58 2026] [::1]:55306 Accepted
[Tue Mar  3 23:15:58 2026] [::1]:55306 [200]: GET /favicon.ico
[Tue Mar  3 23:15:58 2026] [::1]:55306 Closing
[Tue Mar  3 23:16:26 2026] [::1]:53455 Accepted
[Tue Mar  3 23:16:26 2026] [::1]:57426 Accepted
[Tue Mar  3 23:16:26 2026] [::1]:53455 Closing
[Tue Mar  3 23:16:26 2026] [::1]:57426 [200]: GET /css/dashboard.css
[Tue Mar  3 23:16:26 2026] [::1]:57426 Closing
[Tue Mar  3 23:16:26 2026] [::1]:59416 Accepted
[Tue Mar  3 23:16:26 2026] [::1]:59416 Closing
[Tue Mar  3 23:16:26 2026] [::1]:51825 Accepted
[Tue Mar  3 23:16:26 2026] [::1]:51825 Closing
[Tue Mar  3 23:16:27 2026] [::1]:64090 Accepted
[Tue Mar  3 23:16:27 2026] [::1]:64090 Closing
[Tue Mar  3 23:16:27 2026] [::1]:56691 Accepted
[Tue Mar  3 23:16:27 2026] [::1]:49878 Accepted
[Tue Mar  3 23:16:28 2026] [::1]:56691 Closing
[Tue Mar  3 23:16:28 2026] [::1]:53287 Accepted
[Tue Mar  3 23:16:28 2026] [::1]:49878 Closing
[Tue Mar  3 23:16:28 2026] [::1]:64954 Accepted
[Tue Mar  3 23:16:28 2026] [::1]:53287 Closing
[Tue Mar  3 23:16:28 2026] [::1]:64954 Closing
[Tue Mar  3 23:16:29 2026] [::1]:51792 Accepted
[Tue Mar  3 23:16:29 2026] [::1]:61185 Accepted
[Tue Mar  3 23:16:29 2026] [::1]:59017 Accepted
[Tue Mar  3 23:16:29 2026] [::1]:52906 Accepted
[Tue Mar  3 23:16:29 2026] [::1]:62641 Accepted
[Tue Mar  3 23:16:29 2026] [::1]:52708 Accepted
[Tue Mar  3 23:16:29 2026] [::1]:51792 Closing
[Tue Mar  3 23:16:29 2026] [::1]:61185 Closing
[Tue Mar  3 23:16:29 2026] [::1]:59017 Closing
[Tue Mar  3 23:16:29 2026] [::1]:52906 Closing
[Tue Mar  3 23:16:29 2026] [::1]:62641 Closing
[Tue Mar  3 23:16:30 2026] [::1]:52708 Closing
[Tue Mar  3 23:16:30 2026] [::1]:64244 Accepted
[Tue Mar  3 23:16:30 2026] [::1]:53733 Accepted
[Tue Mar  3 23:16:30 2026] [::1]:64244 Closing
[Tue Mar  3 23:16:30 2026] [::1]:60760 Accepted
[Tue Mar  3 23:16:30 2026] [::1]:53733 Closing
[Tue Mar  3 23:16:30 2026] [::1]:59731 Accepted
[Tue Mar  3 23:16:30 2026] [::1]:60760 Closing
[Tue Mar  3 23:16:30 2026] [::1]:59731 Closing
[Tue Mar  3 23:16:30 2026] [::1]:51949 Accepted
[Tue Mar  3 23:16:30 2026] [::1]:51949 [200]: GET /favicon.ico
[Tue Mar  3 23:16:30 2026] [::1]:51949 Closing
^C^C